
Showing logs for build [32mcb-kubecd-environment-pr-5280-6-zpxch-1[0m stage [32mmeta-pipeline[0m and container [32mstep-credential-initializer-sq5rm[0m
{"level":"warn","ts":1568283853.62206,"logger":"fallback-logger","caller":"logging/config.go:69","msg":"Fetch GitHub commit ID from kodata failed: \"ref: refs/heads/master\" is not a valid GitHub commit ID"}
{"level":"info","ts":1568283853.622727,"logger":"fallback-logger","caller":"creds-init/main.go:40","msg":"Credentials initialized."}

Showing logs for build [32mcb-kubecd-environment-pr-5280-6-zpxch-1[0m stage [32mmeta-pipeline[0m and container [32mstep-working-dir-initializer-pmf2k[0m
{"level":"warn","ts":1568283854.975404,"logger":"fallback-logger","caller":"logging/config.go:69","msg":"Fetch GitHub commit ID from kodata failed: open /var/run/ko/HEAD: no such file or directory"}
{"level":"info","ts":1568283854.9770167,"logger":"fallback-logger","caller":"bash/main.go:65","msg":"Successfully executed command \"mkdir -p /workspace/source\""}

Showing logs for build [32mcb-kubecd-environment-pr-5280-6-zpxch-1[0m stage [32mmeta-pipeline[0m and container [32mstep-place-tools[0m

Showing logs for build [32mcb-kubecd-environment-pr-5280-6-zpxch-1[0m stage [32mmeta-pipeline[0m and container [32mstep-git-source-meta-cb-kubecd-environment-pr-5-5mmnp[0m
{"level":"warn","ts":1568283861.0358756,"logger":"fallback-logger","caller":"logging/config.go:69","msg":"Fetch GitHub commit ID from kodata failed: \"ref: refs/heads/master\" is not a valid GitHub commit ID"}
{"level":"info","ts":1568283862.0863683,"logger":"fallback-logger","caller":"git/git.go:102","msg":"Successfully cloned https://github.com/cb-kubecd/environment-pr-5280-65-tekton-gkebdd-production.git @ 3e110157b3588ffd617b7753aab9cf9108099655 in path /workspace/source"}

Showing logs for build [32mcb-kubecd-environment-pr-5280-6-zpxch-1[0m stage [32mmeta-pipeline[0m and container [32mstep-git-merge[0m
Using SHAs from PULL_REFS=master:3e110157b3588ffd617b7753aab9cf9108099655,1:ec4c9d598e3071b52675985119ec0ed9a6d98cdd
DEBUG: ran git fetch --unshallow origin ec4c9d598e3071b52675985119ec0ed9a6d98cdd: 3e110157b3588ffd617b7753aab9cf9108099655: in 
DEBUG: ran git checkout master in 
DEBUG: ran git reset --hard 3e110157b3588ffd617b7753aab9cf9108099655 in 
DEBUG: ran clean --force -d . in 
DEBUG: ran git merge ec4c9d598e3071b52675985119ec0ed9a6d98cdd in 
Merged SHA ec4c9d598e3071b52675985119ec0ed9a6d98cdd with commit message 'chore: Promote bdd-spring-1568283073 to version 0.0.1' into base branch master

Showing logs for build [32mcb-kubecd-environment-pr-5280-6-zpxch-1[0m stage [32mmeta-pipeline[0m and container [32mstep-merge-pull-refs[0m
DEBUG: ran git fetch origin ec4c9d598e3071b52675985119ec0ed9a6d98cdd: 3e110157b3588ffd617b7753aab9cf9108099655: in 
DEBUG: Unshallowed git repo in 
DEBUG: ran git checkout master in 
DEBUG: ran git reset --hard 3e110157b3588ffd617b7753aab9cf9108099655 in 
DEBUG: ran clean --force -d . in 
DEBUG: ran git merge ec4c9d598e3071b52675985119ec0ed9a6d98cdd in 
Merged SHA ec4c9d598e3071b52675985119ec0ed9a6d98cdd with commit message 'chore: Promote bdd-spring-1568283073 to version 0.0.1' into base branch master

Showing logs for build [32mcb-kubecd-environment-pr-5280-6-zpxch-1[0m stage [32mmeta-pipeline[0m and container [32mstep-create-effective-pipeline[0m
Deleting and cloning the Jenkins X versions repo
Cloning the Jenkins X versions repo https://github.com/jenkins-x/jenkins-x-versions.git with ref refs/heads/master to /builder/home/.**/jenkins-x-versions
selected pack: /builder/home/.**/draft/packs/github.com/jenkins-x-buildpacks/jenkins-x-kubernetes/packs/environment
Effective pipeline written to jenkins-x-promotion-build-effective.yml

Showing logs for build [32mcb-kubecd-environment-pr-5280-6-zpxch-1[0m stage [32mmeta-pipeline[0m and container [32mstep-create-tekton-crds[0m
PipelineActivity for cb-kubecd-environment-pr-5280-65-tekton-gkebdd-production-PR-1-1
Applying changes 
upserted PipelineResource cb-kubecd-environment-pr-5280-6 for the git repository https://github.com/cb-kubecd/environment-pr-5280-65-tekton-gkebdd-production.git
upserted Task cb-kubecd-environment-pr-5280-6-zpxch-from-build-pack-1
upserted Pipeline cb-kubecd-environment-pr-5280-6-zpxch-1
created PipelineRun cb-kubecd-environment-pr-5280-6-zpxch-1
created PipelineStructure cb-kubecd-environment-pr-5280-6-zpxch-1

Showing logs for build [32mcb-kubecd-environment-pr-5280-6-zpxch-1[0m stage [32mfrom-build-pack[0m and container [32mstep-credential-initializer-rplr8[0m
{"level":"warn","ts":1568283875.752484,"logger":"fallback-logger","caller":"logging/config.go:69","msg":"Fetch GitHub commit ID from kodata failed: \"ref: refs/heads/master\" is not a valid GitHub commit ID"}
{"level":"info","ts":1568283875.7533967,"logger":"fallback-logger","caller":"creds-init/main.go:40","msg":"Credentials initialized."}

Showing logs for build [32mcb-kubecd-environment-pr-5280-6-zpxch-1[0m stage [32mfrom-build-pack[0m and container [32mstep-working-dir-initializer-m6nfx[0m
{"level":"warn","ts":1568283876.1813388,"logger":"fallback-logger","caller":"logging/config.go:69","msg":"Fetch GitHub commit ID from kodata failed: open /var/run/ko/HEAD: no such file or directory"}
{"level":"info","ts":1568283876.1859334,"logger":"fallback-logger","caller":"bash/main.go:65","msg":"Successfully executed command \"mkdir -p /workspace/source /workspace/source/env\""}

Showing logs for build [32mcb-kubecd-environment-pr-5280-6-zpxch-1[0m stage [32mfrom-build-pack[0m and container [32mstep-place-tools[0m

Showing logs for build [32mcb-kubecd-environment-pr-5280-6-zpxch-1[0m stage [32mfrom-build-pack[0m and container [32mstep-git-source-cb-kubecd-environment-pr-5280-6-65jfg[0m
{"level":"warn","ts":1568283880.2914288,"logger":"fallback-logger","caller":"logging/config.go:69","msg":"Fetch GitHub commit ID from kodata failed: \"ref: refs/heads/master\" is not a valid GitHub commit ID"}
{"level":"info","ts":1568283881.3702793,"logger":"fallback-logger","caller":"git/git.go:102","msg":"Successfully cloned https://github.com/cb-kubecd/environment-pr-5280-65-tekton-gkebdd-production.git @ master in path /workspace/source"}

Showing logs for build [32mcb-kubecd-environment-pr-5280-6-zpxch-1[0m stage [32mfrom-build-pack[0m and container [32mstep-git-merge[0m
Using SHAs from PULL_REFS=master:3e110157b3588ffd617b7753aab9cf9108099655,1:ec4c9d598e3071b52675985119ec0ed9a6d98cdd
DEBUG: ran git fetch --unshallow origin ec4c9d598e3071b52675985119ec0ed9a6d98cdd: 3e110157b3588ffd617b7753aab9cf9108099655: in 
DEBUG: ran git checkout master in 
DEBUG: ran git reset --hard 3e110157b3588ffd617b7753aab9cf9108099655 in 
DEBUG: ran clean --force -d . in 
DEBUG: ran git merge ec4c9d598e3071b52675985119ec0ed9a6d98cdd in 
Merged SHA ec4c9d598e3071b52675985119ec0ed9a6d98cdd with commit message 'chore: Promote bdd-spring-1568283073 to version 0.0.1' into base branch master

Showing logs for build [32mcb-kubecd-environment-pr-5280-6-zpxch-1[0m stage [32mfrom-build-pack[0m and container [32mstep-build-helm-build[0m
WARNING: No $CHART_REPOSITORY defined so using the default value of: http://jenkins-x-chartmuseum:8080
Adding missing Helm repo: storage.googleapis.com https://storage.googleapis.com/chartmuseum.jenkins-x.io
Successfully added Helm repository storage.googleapis.com.
Adding missing Helm repo: jenkins-x-chartmuseum http://jenkins-x-chartmuseum:8080
Successfully added Helm repository jenkins-x-chartmuseum.
WARNING: No $CHART_REPOSITORY defined so using the default value of: http://jenkins-x-chartmuseum:8080
Adding missing Helm repo: chartmuseum.jenkins-x.io http://chartmuseum.jenkins-x.io
Successfully added Helm repository chartmuseum.jenkins-x.io.
